<?xml version="1.0" encoding="UTF-8"?><testrun name="TesteUsuario" project="gotorcida" tests="1" started="1" failures="0" errors="1" ignored="0">
  <testsuite name="br.com.gotorcida.testes.client.TesteUsuario" time="0.871">
    <testcase name="testaConexao" classname="br.com.gotorcida.testes.client.TesteUsuario" time="0.871">
      <error>javax.ws.rs.NotFoundException: HTTP 404 Not Found&#13;
	at org.glassfish.jersey.client.JerseyInvocation.convertToException(JerseyInvocation.java:917)&#13;
	at org.glassfish.jersey.client.JerseyInvocation.translate(JerseyInvocation.java:770)&#13;
	at org.glassfish.jersey.client.JerseyInvocation.access$500(JerseyInvocation.java:90)&#13;
	at org.glassfish.jersey.client.JerseyInvocation$2.call(JerseyInvocation.java:671)&#13;
	at org.glassfish.jersey.internal.Errors.process(Errors.java:315)&#13;
	at org.glassfish.jersey.internal.Errors.process(Errors.java:297)&#13;
	at org.glassfish.jersey.internal.Errors.process(Errors.java:228)&#13;
	at org.glassfish.jersey.process.internal.RequestScope.runInScope(RequestScope.java:422)&#13;
	at org.glassfish.jersey.client.JerseyInvocation.invoke(JerseyInvocation.java:667)&#13;
	at org.glassfish.jersey.client.JerseyInvocation$Builder.method(JerseyInvocation.java:396)&#13;
	at org.glassfish.jersey.client.JerseyInvocation$Builder.get(JerseyInvocation.java:296)&#13;
	at br.com.gotorcida.testes.client.TesteUsuario.testaConexao(TesteUsuario.java:36)&#13;
	at sun.reflect.NativeMethodAccessorImpl.invoke0(Native Method)&#13;
	at sun.reflect.NativeMethodAccessorImpl.invoke(Unknown Source)&#13;
	at sun.reflect.DelegatingMethodAccessorImpl.invoke(Unknown Source)&#13;
	at java.lang.reflect.Method.invoke(Unknown Source)&#13;
	at org.junit.runners.model.FrameworkMethod$1.runReflectiveCall(FrameworkMethod.java:44)&#13;
	at org.junit.internal.runners.model.ReflectiveCallable.run(ReflectiveCallable.java:15)&#13;
	at org.junit.runners.model.FrameworkMethod.invokeExplosively(FrameworkMethod.java:41)&#13;
	at org.junit.internal.runners.statements.InvokeMethod.evaluate(InvokeMethod.java:20)&#13;
	at org.junit.internal.runners.statements.RunBefores.evaluate(RunBefores.java:28)&#13;
	at org.junit.internal.runners.statements.RunAfters.evaluate(RunAfters.java:31)&#13;
	at org.junit.runners.ParentRunner.runLeaf(ParentRunner.java:263)&#13;
	at org.junit.runners.BlockJUnit4ClassRunner.runChild(BlockJUnit4ClassRunner.java:69)&#13;
	at org.junit.runners.BlockJUnit4ClassRunner.runChild(BlockJUnit4ClassRunner.java:48)&#13;
	at org.junit.runners.ParentRunner$3.run(ParentRunner.java:231)&#13;
	at org.junit.runners.ParentRunner$1.schedule(ParentRunner.java:60)&#13;
	at org.junit.runners.ParentRunner.runChildren(ParentRunner.java:229)&#13;
	at org.junit.runners.ParentRunner.access$000(ParentRunner.java:50)&#13;
	at org.junit.runners.ParentRunner$2.evaluate(ParentRunner.java:222)&#13;
	at org.junit.runners.ParentRunner.run(ParentRunner.java:292)&#13;
	at org.eclipse.jdt.internal.junit4.runner.JUnit4TestReference.run(JUnit4TestReference.java:86)&#13;
	at org.eclipse.jdt.internal.junit.runner.TestExecution.run(TestExecution.java:38)&#13;
	at org.eclipse.jdt.internal.junit.runner.RemoteTestRunner.runTests(RemoteTestRunner.java:459)&#13;
	at org.eclipse.jdt.internal.junit.runner.RemoteTestRunner.runTests(RemoteTestRunner.java:675)&#13;
	at org.eclipse.jdt.internal.junit.runner.RemoteTestRunner.run(RemoteTestRunner.java:382)&#13;
	at org.eclipse.jdt.internal.junit.runner.RemoteTestRunner.main(RemoteTestRunner.java:192)&#13;
&#13;
</error>
    </testcase>
  </testsuite>
</testrun>
